<?xml version="1.0" encoding="UTF-8"?>
<testsuite xmlns:xsi="http://www.w3.org/2001/XMLSchema-instance" xsi:noNamespaceSchemaLocation="https://maven.apache.org/surefire/maven-surefire-plugin/xsd/surefire-test-report-3.0.xsd" version="3.0" name="de.berlin.htw.boundary.ProjectResourceTest" time="22.683" tests="8" errors="0" skipped="0" failures="1">
  <properties>
[...]
</properties>
  <testcase name="testNotFound" classname="de.berlin.htw.boundary.ProjectResourceTest" time="3.056">
    <system-out><![CDATA[2023-06-08 13:40:26,426 WARN  [io.qua.hib.orm.dep.HibernateOrmProcessor] (build-4) Could not find a suitable persistence unit for model classes:
	- de.berlin.htw.lib.model.ProjectModel
	- de.berlin.htw.lib.model.UserModel
2023-06-08 13:40:31,583 INFO  [io.agr.pool] (main) Datasource '<default>': Initial size smaller than min. Connections will be created when necessary
2023-06-08 13:40:33,068 INFO  [liq.lockservice] (main) Successfully acquired change log lock
2023-06-08 13:40:34,114 INFO  [liq.changelog] (main) Reading from VA_APP.DATABASECHANGELOG
2023-06-08 13:40:34,773 INFO  [liq.lockservice] (main) Successfully released change log lock
2023-06-08 13:40:34,788 INFO  [liq.lockservice] (main) Successfully released change log lock
2023-06-08 13:40:36,028 INFO  [io.quarkus] (main) backend 1.0.0-SNAPSHOT on JVM (powered by Quarkus 2.16.6.Final) started in 11.994s. Listening on: http://localhost:8081
2023-06-08 13:40:36,029 INFO  [io.quarkus] (main) Profile test activated. 
2023-06-08 13:40:36,030 INFO  [io.quarkus] (main) Installed features: [agroal, cdi, hibernate-orm, hibernate-validator, jdbc-mysql, liquibase, narayana-jta, resteasy, resteasy-jsonb, smallrye-context-propagation, vertx]
Request method:	GET
Request URI:	http://localhost:8081/api/v2/projects/7c7ba66a-29a0-4cbb-865c-2671f4e9c27a
Proxy:			<none>
Request params:	<none>
Query params:	<none>
Form params:	<none>
Path params:	<none>
Headers:		Accept=*/*
Cookies:		<none>
Multiparts:		<none>
Body:			<none>
2023-06-08 13:40:40,469 INFO  [de.ber.htw.con.ProjectController] (executor-thread-0) Retrieving an existing project (id = 7c7ba66a-29a0-4cbb-865c-2671f4e9c27a)
2023-06-08 13:40:40,528 ERROR [de.ber.htw.con.ProjectController] (executor-thread-0) Project does not exist
HTTP/1.1 404 Not Found
Access-Control-Allow-Headers: *
Access-Control-Allow-Methods: *
Access-Control-Allow-Origin: *
content-length: 0
]]></system-out>
  </testcase>
  <testcase name="testInvalidProject" classname="de.berlin.htw.boundary.ProjectResourceTest" time="0.094">
    <system-out><![CDATA[Request method:	GET
Request URI:	http://localhost:8081/api/v2/projects/anyId
Proxy:			<none>
Request params:	<none>
Query params:	<none>
Form params:	<none>
Path params:	<none>
Headers:		Accept=*/*
Cookies:		<none>
Multiparts:		<none>
Body:			<none>
2023-06-08 13:40:40,866 INFO  [de.ber.htw.con.ProjectController] (executor-thread-0) Retrieving an existing project (id = anyId)
2023-06-08 13:40:40,870 ERROR [org.jbo.res.res.i18n] (executor-thread-0) RESTEASY002010: Failed to execute: javax.ws.rs.BadRequestException: Invalid project id
	at de.berlin.htw.boundary.ProjectResource.getProject(ProjectResource.java:62)
	at java.base/jdk.internal.reflect.DirectMethodHandleAccessor.invoke(DirectMethodHandleAccessor.java:104)
	at java.base/java.lang.reflect.Method.invoke(Method.java:578)
	at org.jboss.resteasy.core.MethodInjectorImpl.invoke(MethodInjectorImpl.java:170)
	at org.jboss.resteasy.core.MethodInjectorImpl.invoke(MethodInjectorImpl.java:130)
	at org.jboss.resteasy.core.ResourceMethodInvoker.internalInvokeOnTarget(ResourceMethodInvoker.java:660)
	at org.jboss.resteasy.core.ResourceMethodInvoker.invokeOnTargetAfterFilter(ResourceMethodInvoker.java:524)
	at org.jboss.resteasy.core.ResourceMethodInvoker.lambda$invokeOnTarget$2(ResourceMethodInvoker.java:474)
	at org.jboss.resteasy.core.interception.jaxrs.PreMatchContainerRequestContext.filter(PreMatchContainerRequestContext.java:364)
	at org.jboss.resteasy.core.ResourceMethodInvoker.invokeOnTarget(ResourceMethodInvoker.java:476)
	at org.jboss.resteasy.core.ResourceMethodInvoker.invoke(ResourceMethodInvoker.java:434)
	at org.jboss.resteasy.core.ResourceMethodInvoker.invoke(ResourceMethodInvoker.java:408)
	at org.jboss.resteasy.core.ResourceMethodInvoker.invoke(ResourceMethodInvoker.java:69)
	at org.jboss.resteasy.core.SynchronousDispatcher.invoke(SynchronousDispatcher.java:492)
	at org.jboss.resteasy.core.SynchronousDispatcher.lambda$invoke$4(SynchronousDispatcher.java:261)
	at org.jboss.resteasy.core.SynchronousDispatcher.lambda$preprocess$0(SynchronousDispatcher.java:161)
	at org.jboss.resteasy.core.interception.jaxrs.PreMatchContainerRequestContext.filter(PreMatchContainerRequestContext.java:364)
	at org.jboss.resteasy.core.SynchronousDispatcher.preprocess(SynchronousDispatcher.java:164)
	at org.jboss.resteasy.core.SynchronousDispatcher.invoke(SynchronousDispatcher.java:247)
	at io.quarkus.resteasy.runtime.standalone.RequestDispatcher.service(RequestDispatcher.java:82)
	at io.quarkus.resteasy.runtime.standalone.VertxRequestHandler.dispatch(VertxRequestHandler.java:147)
	at io.quarkus.resteasy.runtime.standalone.VertxRequestHandler$1.run(VertxRequestHandler.java:93)
	at io.quarkus.vertx.core.runtime.VertxCoreRecorder$14.runWith(VertxCoreRecorder.java:576)
	at org.jboss.threads.EnhancedQueueExecutor$Task.run(EnhancedQueueExecutor.java:2449)
	at org.jboss.threads.EnhancedQueueExecutor$ThreadBody.run(EnhancedQueueExecutor.java:1478)
	at org.jboss.threads.DelegatingRunnable.run(DelegatingRunnable.java:29)
	at org.jboss.threads.ThreadLocalResettingRunnable.run(ThreadLocalResettingRunnable.java:29)
	at io.netty.util.concurrent.FastThreadLocalRunnable.run(FastThreadLocalRunnable.java:30)
	at java.base/java.lang.Thread.run(Thread.java:1623)
Caused by: java.lang.IllegalArgumentException: Invalid UUID string: anyId
	at java.base/java.util.UUID.fromString1(UUID.java:280)
	at java.base/java.util.UUID.fromString(UUID.java:258)
	at de.berlin.htw.entity.dao.ProjectRepository.get(ProjectRepository.java:42)
	at de.berlin.htw.entity.dao.ProjectRepository_Subclass.get$$superforward1(Unknown Source)
	at de.berlin.htw.entity.dao.ProjectRepository_Subclass$$function$$2.apply(Unknown Source)
	at io.quarkus.arc.impl.AroundInvokeInvocationContext.proceed(AroundInvokeInvocationContext.java:54)
	at io.quarkus.narayana.jta.runtime.interceptor.TransactionalInterceptorBase.invokeInNoTx(TransactionalInterceptorBase.java:312)
	at io.quarkus.narayana.jta.runtime.interceptor.TransactionalInterceptorSupports.doIntercept(TransactionalInterceptorSupports.java:32)
	at io.quarkus.narayana.jta.runtime.interceptor.TransactionalInterceptorBase.intercept(TransactionalInterceptorBase.java:58)
	at io.quarkus.narayana.jta.runtime.interceptor.TransactionalInterceptorSupports.intercept(TransactionalInterceptorSupports.java:26)
	at io.quarkus.narayana.jta.runtime.interceptor.TransactionalInterceptorSupports_Bean.intercept(Unknown Source)
	at io.quarkus.arc.impl.InterceptorInvocation.invoke(InterceptorInvocation.java:42)
	at io.quarkus.arc.impl.AroundInvokeInvocationContext.perform(AroundInvokeInvocationContext.java:41)
	at io.quarkus.arc.impl.InvocationContexts.performAroundInvoke(InvocationContexts.java:33)
	at de.berlin.htw.entity.dao.ProjectRepository_Subclass.get(Unknown Source)
	at de.berlin.htw.entity.dao.ProjectRepository_ClientProxy.get(Unknown Source)
	at de.berlin.htw.control.ProjectController.getProject(ProjectController.java:65)
	at de.berlin.htw.control.ProjectController_ClientProxy.getProject(Unknown Source)
	at de.berlin.htw.boundary.ProjectResource.getProject(ProjectResource.java:59)
	... 28 more

HTTP/1.1 400 Bad Request
Access-Control-Allow-Headers: *
Access-Control-Allow-Methods: *
Access-Control-Allow-Origin: *
content-length: 0
]]></system-out>
  </testcase>
  <testcase name="testCreateAndDelete" classname="de.berlin.htw.boundary.ProjectResourceTest" time="1.081">
    <system-out><![CDATA[Request method:	POST
Request URI:	http://localhost:8081/api/v2/projects
Proxy:			<none>
Request params:	<none>
Query params:	<none>
Form params:	<none>
Path params:	<none>
Headers:		Accept=*/*
				Content-Type=application/json
Cookies:		<none>
Multiparts:		<none>
Body:
{
    "project_name": "Test Project"
}
2023-06-08 13:40:41,609 INFO  [de.ber.htw.con.ProjectController] (executor-thread-0) Creating a new project (name=Test Project)
HTTP/1.1 201 Created
Access-Control-Allow-Headers: *
Access-Control-Allow-Methods: *
Access-Control-Allow-Origin: *
Location: http://localhost:8081/api/v2/projects/6cc708b1-2374-49b3-921a-d37d20d0d8b9
content-length: 0
Request method:	DELETE
Request URI:	http://localhost:8081/api/v2/projects/6cc708b1-2374-49b3-921a-d37d20d0d8b9
Proxy:			<none>
Request params:	<none>
Query params:	<none>
Form params:	<none>
Path params:	<none>
Headers:		Accept=*/*
Cookies:		<none>
Multiparts:		<none>
Body:			<none>
2023-06-08 13:40:41,888 INFO  [de.ber.htw.con.ProjectController] (executor-thread-0) Deleting an existing project (id = 6cc708b1-2374-49b3-921a-d37d20d0d8b9)
HTTP/1.1 204 No Content
Access-Control-Allow-Headers: *
Access-Control-Allow-Methods: *
Access-Control-Allow-Origin: *
Request method:	GET
Request URI:	http://localhost:8081/api/v2/projects/6cc708b1-2374-49b3-921a-d37d20d0d8b9
Proxy:			<none>
Request params:	<none>
Query params:	<none>
Form params:	<none>
Path params:	<none>
Headers:		Accept=*/*
Cookies:		<none>
Multiparts:		<none>
Body:			<none>
2023-06-08 13:40:41,956 INFO  [de.ber.htw.con.ProjectController] (executor-thread-0) Retrieving an existing project (id = 6cc708b1-2374-49b3-921a-d37d20d0d8b9)
2023-06-08 13:40:41,963 ERROR [de.ber.htw.con.ProjectController] (executor-thread-0) Project does not exist
HTTP/1.1 404 Not Found
Access-Control-Allow-Headers: *
Access-Control-Allow-Methods: *
Access-Control-Allow-Origin: *
content-length: 0
]]></system-out>
  </testcase>
  <testcase name="testCreateAndGetAll" classname="de.berlin.htw.boundary.ProjectResourceTest" time="1.77">
    <system-out><![CDATA[Request method:	POST
Request URI:	http://localhost:8081/api/v2/projects
Proxy:			<none>
Request params:	<none>
Query params:	<none>
Form params:	<none>
Path params:	<none>
Headers:		Accept=*/*
				Content-Type=application/json
Cookies:		<none>
Multiparts:		<none>
Body:
{
    "project_name": "Test Project"
}
2023-06-08 13:40:42,045 INFO  [de.ber.htw.con.ProjectController] (executor-thread-0) Creating a new project (name=Test Project)
HTTP/1.1 201 Created
Access-Control-Allow-Headers: *
Access-Control-Allow-Methods: *
Access-Control-Allow-Origin: *
Location: http://localhost:8081/api/v2/projects/f33d4db7-8624-41c9-9d04-ff67cb12695a
content-length: 0
Request method:	POST
Request URI:	http://localhost:8081/api/v2/projects
Proxy:			<none>
Request params:	<none>
Query params:	<none>
Form params:	<none>
Path params:	<none>
Headers:		Accept=*/*
				Content-Type=application/json
Cookies:		<none>
Multiparts:		<none>
Body:
{
    "project_name": "Test Project 2"
}
2023-06-08 13:40:42,095 INFO  [de.ber.htw.con.ProjectController] (executor-thread-0) Creating a new project (name=Test Project 2)
HTTP/1.1 201 Created
Access-Control-Allow-Headers: *
Access-Control-Allow-Methods: *
Access-Control-Allow-Origin: *
Location: http://localhost:8081/api/v2/projects/9ea30198-ac4f-4cd0-87bf-f05673b5ed5a
content-length: 0
Request method:	GET
Request URI:	http://localhost:8081/api/v2/projects
Proxy:			<none>
Request params:	<none>
Query params:	<none>
Form params:	<none>
Path params:	<none>
Headers:		Accept=*/*
Cookies:		<none>
Multiparts:		<none>
Body:			<none>
2023-06-08 13:40:42,143 INFO  [de.ber.htw.con.ProjectController] (executor-thread-0) Retrieving all existing projects
HTTP/1.1 200 OK
Access-Control-Allow-Headers: *
Access-Control-Allow-Methods: *
Access-Control-Allow-Origin: *
Content-Type: application/json
content-length: 177

[
    {
        "id": "9ea30198-ac4f-4cd0-87bf-f05673b5ed5a",
        "project_name": "Test Project 2",
        "users": [
            
        ]
    },
    {
        "id": "f33d4db7-8624-41c9-9d04-ff67cb12695a",
        "project_name": "Test Project",
        "users": [
            
        ]
    }
]
]]></system-out>
  </testcase>
  <testcase name="testCreateAndUnlink" classname="de.berlin.htw.boundary.ProjectResourceTest" time="0.601">
    <system-out><![CDATA[Request method:	POST
Request URI:	http://localhost:8081/api/v2/projects
Proxy:			<none>
Request params:	<none>
Query params:	<none>
Form params:	<none>
Path params:	<none>
Headers:		Accept=*/*
				Content-Type=application/json
Cookies:		<none>
Multiparts:		<none>
Body:
{
    "project_name": "Test Project"
}
2023-06-08 13:40:43,837 INFO  [de.ber.htw.con.ProjectController] (executor-thread-0) Creating a new project (name=Test Project)
HTTP/1.1 201 Created
Access-Control-Allow-Headers: *
Access-Control-Allow-Methods: *
Access-Control-Allow-Origin: *
Location: http://localhost:8081/api/v2/projects/c88ad9e3-e0a5-45e5-b718-f37d7a51bfd3
content-length: 0
Request method:	POST
Request URI:	http://localhost:8081/api/v2/users
Proxy:			<none>
Request params:	<none>
Query params:	<none>
Form params:	<none>
Path params:	<none>
Headers:		Accept=*/*
				Content-Type=application/json
Cookies:		<none>
Multiparts:		<none>
Body:
{
    "user_email": "max.mustermann@example.org",
    "user_name": "Max Mustermann"
}
2023-06-08 13:40:43,949 INFO  [de.ber.htw.con.UserController] (executor-thread-0) Creating a new user (name=Max Mustermann, email=max.mustermann@example.org)
HTTP/1.1 201 Created
Access-Control-Allow-Headers: *
Access-Control-Allow-Methods: *
Access-Control-Allow-Origin: *
Location: http://localhost:8081/api/v2/users/0cd37929-5774-4d05-bd82-de6dff7e482c
content-length: 0
Request method:	PATCH
Request URI:	http://localhost:8081/api/v2/projects/c88ad9e3-e0a5-45e5-b718-f37d7a51bfd3/users/0cd37929-5774-4d05-bd82-de6dff7e482c
Proxy:			<none>
Request params:	<none>
Query params:	<none>
Form params:	<none>
Path params:	<none>
Headers:		Accept=*/*
				Content-Type=application/json
Cookies:		<none>
Multiparts:		<none>
Body:			<none>
2023-06-08 13:40:44,055 INFO  [de.ber.htw.con.ProjectController] (executor-thread-0) adding a user (0cd37929-5774-4d05-bd82-de6dff7e482c) to an existing project (c88ad9e3-e0a5-45e5-b718-f37d7a51bfd3)
2023-06-08 13:40:44,078 INFO  [de.ber.htw.con.ProjectController] (executor-thread-0) updated project to: de.berlin.htw.entity.dto.ProjectEntity@9acf1c07
HTTP/1.1 200 OK
Access-Control-Allow-Headers: *
Access-Control-Allow-Methods: *
Access-Control-Allow-Origin: *
Content-Type: application/json
content-length: 287

{
    "id": "c88ad9e3-e0a5-45e5-b718-f37d7a51bfd3",
    "project_name": "Test Project",
    "users": [
        {
            "createdAt": "2023-06-08T11:40:44Z[UTC]",
            "modifiedAt": "2023-06-08T11:40:44Z[UTC]",
            "email": "max.mustermann@example.org",
            "id": "0cd37929-5774-4d05-bd82-de6dff7e482c",
            "name": "Max Mustermann",
            "projects": [
                
            ]
        }
    ]
}
Request method:	DELETE
Request URI:	http://localhost:8081/api/v2/projects/c88ad9e3-e0a5-45e5-b718-f37d7a51bfd3/users/0cd37929-5774-4d05-bd82-de6dff7e482c
Proxy:			<none>
Request params:	<none>
Query params:	<none>
Form params:	<none>
Path params:	<none>
Headers:		Accept=*/*
				Content-Type=application/json
Cookies:		<none>
Multiparts:		<none>
Body:			<none>
2023-06-08 13:40:44,213 INFO  [de.ber.htw.con.ProjectController] (executor-thread-0) removing user (0cd37929-5774-4d05-bd82-de6dff7e482c) from an existing project (c88ad9e3-e0a5-45e5-b718-f37d7a51bfd3)
2023-06-08 13:40:44,233 INFO  [de.ber.htw.con.ProjectController] (executor-thread-0) updated project to: de.berlin.htw.entity.dto.ProjectEntity@9acf1c07
HTTP/1.1 200 OK
Access-Control-Allow-Headers: *
Access-Control-Allow-Methods: *
Access-Control-Allow-Origin: *
Content-Type: application/json
content-length: 86

{
    "id": "c88ad9e3-e0a5-45e5-b718-f37d7a51bfd3",
    "project_name": "Test Project",
    "users": [
        
    ]
}
Request method:	GET
Request URI:	http://localhost:8081/api/v2/projects/c88ad9e3-e0a5-45e5-b718-f37d7a51bfd3
Proxy:			<none>
Request params:	<none>
Query params:	<none>
Form params:	<none>
Path params:	<none>
Headers:		Accept=*/*
Cookies:		<none>
Multiparts:		<none>
Body:			<none>
2023-06-08 13:40:44,279 INFO  [de.ber.htw.con.ProjectController] (executor-thread-0) Retrieving an existing project (id = c88ad9e3-e0a5-45e5-b718-f37d7a51bfd3)
HTTP/1.1 200 OK
Access-Control-Allow-Headers: *
Access-Control-Allow-Methods: *
Access-Control-Allow-Origin: *
Content-Type: application/json
content-length: 86

{
    "id": "c88ad9e3-e0a5-45e5-b718-f37d7a51bfd3",
    "project_name": "Test Project",
    "users": [
        
    ]
}
]]></system-out>
  </testcase>
  <testcase name="testCreateAndUpdate" classname="de.berlin.htw.boundary.ProjectResourceTest" time="0.238">
    <system-out><![CDATA[Request method:	POST
Request URI:	http://localhost:8081/api/v2/projects
Proxy:			<none>
Request params:	<none>
Query params:	<none>
Form params:	<none>
Path params:	<none>
Headers:		Accept=*/*
				Content-Type=application/json
Cookies:		<none>
Multiparts:		<none>
Body:
{
    "project_name": "Test Project"
}
2023-06-08 13:40:44,427 INFO  [de.ber.htw.con.ProjectController] (executor-thread-0) Creating a new project (name=Test Project)
HTTP/1.1 201 Created
Access-Control-Allow-Headers: *
Access-Control-Allow-Methods: *
Access-Control-Allow-Origin: *
Location: http://localhost:8081/api/v2/projects/08a48779-eee7-471c-9ad6-5eee1e4af99b
content-length: 0
Request method:	PATCH
Request URI:	http://localhost:8081/api/v2/projects/08a48779-eee7-471c-9ad6-5eee1e4af99b
Proxy:			<none>
Request params:	<none>
Query params:	<none>
Form params:	<none>
Path params:	<none>
Headers:		Accept=*/*
				Content-Type=application/json
Cookies:		<none>
Multiparts:		<none>
Body:
{
    "project_name": "Test Project 2"
}
2023-06-08 13:40:44,481 INFO  [de.ber.htw.con.ProjectController] (executor-thread-0) Updating an existing project (de.berlin.htw.lib.dto.ProjectJson@314fdefb)
HTTP/1.1 200 OK
Access-Control-Allow-Headers: *
Access-Control-Allow-Methods: *
Access-Control-Allow-Origin: *
Content-Type: application/json
content-length: 88

{
    "id": "08a48779-eee7-471c-9ad6-5eee1e4af99b",
    "project_name": "Test Project 2",
    "users": [
        
    ]
}
Request method:	GET
Request URI:	http://localhost:8081/api/v2/projects/08a48779-eee7-471c-9ad6-5eee1e4af99b
Proxy:			<none>
Request params:	<none>
Query params:	<none>
Form params:	<none>
Path params:	<none>
Headers:		Accept=*/*
Cookies:		<none>
Multiparts:		<none>
Body:			<none>
2023-06-08 13:40:44,545 INFO  [de.ber.htw.con.ProjectController] (executor-thread-0) Retrieving an existing project (id = 08a48779-eee7-471c-9ad6-5eee1e4af99b)
HTTP/1.1 200 OK
Access-Control-Allow-Headers: *
Access-Control-Allow-Methods: *
Access-Control-Allow-Origin: *
Content-Type: application/json
content-length: 88

{
    "id": "08a48779-eee7-471c-9ad6-5eee1e4af99b",
    "project_name": "Test Project 2",
    "users": [
        
    ]
}
]]></system-out>
  </testcase>
  <testcase name="testCreateAndLink" classname="de.berlin.htw.boundary.ProjectResourceTest" time="0.394">
    <failure message="1 expectation failed.&#10;Expected status code &lt;200&gt; but was &lt;500&gt;.&#10;" type="java.lang.AssertionError"><![CDATA[java.lang.AssertionError: 
1 expectation failed.
Expected status code <200> but was <500>.

	at java.base/jdk.internal.reflect.DirectConstructorHandleAccessor.newInstance(DirectConstructorHandleAccessor.java:67)
	at java.base/java.lang.reflect.Constructor.newInstanceWithCaller(Constructor.java:500)
	at java.base/java.lang.reflect.Constructor.newInstance(Constructor.java:484)
	at org.codehaus.groovy.reflection.CachedConstructor.invoke(CachedConstructor.java:72)
	at org.codehaus.groovy.runtime.callsite.ConstructorSite$ConstructorSiteNoUnwrapNoCoerce.callConstructor(ConstructorSite.java:105)
	at org.codehaus.groovy.runtime.callsite.CallSiteArray.defaultCallConstructor(CallSiteArray.java:59)
	at org.codehaus.groovy.runtime.callsite.AbstractCallSite.callConstructor(AbstractCallSite.java:263)
	at org.codehaus.groovy.runtime.callsite.AbstractCallSite.callConstructor(AbstractCallSite.java:277)
	at io.restassured.internal.ResponseSpecificationImpl$HamcrestAssertionClosure.validate(ResponseSpecificationImpl.groovy:499)
	at io.restassured.internal.ResponseSpecificationImpl$HamcrestAssertionClosure$validate$1.call(Unknown Source)
	at io.restassured.internal.ResponseSpecificationImpl.validateResponseIfRequired(ResponseSpecificationImpl.groovy:684)
	at java.base/jdk.internal.reflect.DirectMethodHandleAccessor.invoke(DirectMethodHandleAccessor.java:104)
	at java.base/java.lang.reflect.Method.invoke(Method.java:578)
	at org.codehaus.groovy.runtime.callsite.PlainObjectMetaMethodSite.doInvoke(PlainObjectMetaMethodSite.java:43)
	at org.codehaus.groovy.runtime.callsite.PogoMetaMethodSite$PogoCachedMethodSiteNoUnwrapNoCoerce.invoke(PogoMetaMethodSite.java:193)
	at org.codehaus.groovy.runtime.callsite.PogoMetaMethodSite.callCurrent(PogoMetaMethodSite.java:61)
	at org.codehaus.groovy.runtime.callsite.AbstractCallSite.callCurrent(AbstractCallSite.java:185)
	at io.restassured.internal.ResponseSpecificationImpl.statusCode(ResponseSpecificationImpl.groovy:127)
	at io.restassured.specification.ResponseSpecification$statusCode$0.callCurrent(Unknown Source)
	at io.restassured.internal.ResponseSpecificationImpl.statusCode(ResponseSpecificationImpl.groovy:135)
	at io.restassured.internal.ValidatableResponseOptionsImpl.statusCode(ValidatableResponseOptionsImpl.java:89)
	at io.restassured.internal.ValidatableResponseImpl.super$2$statusCode(ValidatableResponseImpl.groovy)
	at java.base/jdk.internal.reflect.DirectMethodHandleAccessor.invoke(DirectMethodHandleAccessor.java:104)
	at java.base/java.lang.reflect.Method.invoke(Method.java:578)
	at org.codehaus.groovy.reflection.CachedMethod.invoke(CachedMethod.java:107)
	at groovy.lang.MetaMethod.doMethodInvoke(MetaMethod.java:323)
	at groovy.lang.MetaClassImpl.invokeMethod(MetaClassImpl.java:1268)
	at org.codehaus.groovy.runtime.ScriptBytecodeAdapter.invokeMethodOnSuperN(ScriptBytecodeAdapter.java:144)
	at io.restassured.internal.ValidatableResponseImpl.statusCode(ValidatableResponseImpl.groovy:142)
	at io.restassured.internal.ValidatableResponseImpl.statusCode(ValidatableResponseImpl.groovy)
	at de.berlin.htw.boundary.ProjectResourceTest.testCreateAndLink(ProjectResourceTest.java:230)
	at java.base/jdk.internal.reflect.DirectMethodHandleAccessor.invoke(DirectMethodHandleAccessor.java:104)
	at java.base/java.lang.reflect.Method.invoke(Method.java:578)
	at io.quarkus.test.junit.QuarkusTestExtension.runExtensionMethod(QuarkusTestExtension.java:1002)
	at io.quarkus.test.junit.QuarkusTestExtension.interceptTestMethod(QuarkusTestExtension.java:816)
	at org.junit.jupiter.engine.execution.InterceptingExecutableInvoker$ReflectiveInterceptorCall.lambda$ofVoidMethod$0(InterceptingExecutableInvoker.java:103)
	at org.junit.jupiter.engine.execution.InterceptingExecutableInvoker.lambda$invoke$0(InterceptingExecutableInvoker.java:93)
	at org.junit.jupiter.engine.execution.InvocationInterceptorChain$InterceptedInvocation.proceed(InvocationInterceptorChain.java:106)
	at org.junit.jupiter.engine.extension.TimeoutExtension.intercept(TimeoutExtension.java:156)
	at org.junit.jupiter.engine.extension.TimeoutExtension.interceptTestableMethod(TimeoutExtension.java:147)
	at org.junit.jupiter.engine.extension.TimeoutExtension.interceptTestMethod(TimeoutExtension.java:86)
	at org.junit.jupiter.engine.execution.InterceptingExecutableInvoker$ReflectiveInterceptorCall.lambda$ofVoidMethod$0(InterceptingExecutableInvoker.java:103)
	at org.junit.jupiter.engine.execution.InterceptingExecutableInvoker.lambda$invoke$0(InterceptingExecutableInvoker.java:93)
	at org.junit.jupiter.engine.execution.InvocationInterceptorChain$InterceptedInvocation.proceed(InvocationInterceptorChain.java:106)
	at org.junit.jupiter.engine.execution.InvocationInterceptorChain.proceed(InvocationInterceptorChain.java:64)
	at org.junit.jupiter.engine.execution.InvocationInterceptorChain.chainAndInvoke(InvocationInterceptorChain.java:45)
	at org.junit.jupiter.engine.execution.InvocationInterceptorChain.invoke(InvocationInterceptorChain.java:37)
	at org.junit.jupiter.engine.execution.InterceptingExecutableInvoker.invoke(InterceptingExecutableInvoker.java:92)
	at org.junit.jupiter.engine.execution.InterceptingExecutableInvoker.invoke(InterceptingExecutableInvoker.java:86)
	at org.junit.jupiter.engine.descriptor.TestMethodTestDescriptor.lambda$invokeTestMethod$7(TestMethodTestDescriptor.java:217)
	at org.junit.platform.engine.support.hierarchical.ThrowableCollector.execute(ThrowableCollector.java:73)
	at org.junit.jupiter.engine.descriptor.TestMethodTestDescriptor.invokeTestMethod(TestMethodTestDescriptor.java:213)
	at org.junit.jupiter.engine.descriptor.TestMethodTestDescriptor.execute(TestMethodTestDescriptor.java:138)
	at org.junit.jupiter.engine.descriptor.TestMethodTestDescriptor.execute(TestMethodTestDescriptor.java:68)
	at org.junit.platform.engine.support.hierarchical.NodeTestTask.lambda$executeRecursively$6(NodeTestTask.java:151)
	at org.junit.platform.engine.support.hierarchical.ThrowableCollector.execute(ThrowableCollector.java:73)
	at org.junit.platform.engine.support.hierarchical.NodeTestTask.lambda$executeRecursively$8(NodeTestTask.java:141)
	at org.junit.platform.engine.support.hierarchical.Node.around(Node.java:137)
	at org.junit.platform.engine.support.hierarchical.NodeTestTask.lambda$executeRecursively$9(NodeTestTask.java:139)
	at org.junit.platform.engine.support.hierarchical.ThrowableCollector.execute(ThrowableCollector.java:73)
	at org.junit.platform.engine.support.hierarchical.NodeTestTask.executeRecursively(NodeTestTask.java:138)
	at org.junit.platform.engine.support.hierarchical.NodeTestTask.execute(NodeTestTask.java:95)
	at java.base/java.util.ArrayList.forEach(ArrayList.java:1511)
	at org.junit.platform.engine.support.hierarchical.SameThreadHierarchicalTestExecutorService.invokeAll(SameThreadHierarchicalTestExecutorService.java:41)
	at org.junit.platform.engine.support.hierarchical.NodeTestTask.lambda$executeRecursively$6(NodeTestTask.java:155)
	at org.junit.platform.engine.support.hierarchical.ThrowableCollector.execute(ThrowableCollector.java:73)
	at org.junit.platform.engine.support.hierarchical.NodeTestTask.lambda$executeRecursively$8(NodeTestTask.java:141)
	at org.junit.platform.engine.support.hierarchical.Node.around(Node.java:137)
	at org.junit.platform.engine.support.hierarchical.NodeTestTask.lambda$executeRecursively$9(NodeTestTask.java:139)
	at org.junit.platform.engine.support.hierarchical.ThrowableCollector.execute(ThrowableCollector.java:73)
	at org.junit.platform.engine.support.hierarchical.NodeTestTask.executeRecursively(NodeTestTask.java:138)
	at org.junit.platform.engine.support.hierarchical.NodeTestTask.execute(NodeTestTask.java:95)
	at java.base/java.util.ArrayList.forEach(ArrayList.java:1511)
	at org.junit.platform.engine.support.hierarchical.SameThreadHierarchicalTestExecutorService.invokeAll(SameThreadHierarchicalTestExecutorService.java:41)
	at org.junit.platform.engine.support.hierarchical.NodeTestTask.lambda$executeRecursively$6(NodeTestTask.java:155)
	at org.junit.platform.engine.support.hierarchical.ThrowableCollector.execute(ThrowableCollector.java:73)
	at org.junit.platform.engine.support.hierarchical.NodeTestTask.lambda$executeRecursively$8(NodeTestTask.java:141)
	at org.junit.platform.engine.support.hierarchical.Node.around(Node.java:137)
	at org.junit.platform.engine.support.hierarchical.NodeTestTask.lambda$executeRecursively$9(NodeTestTask.java:139)
	at org.junit.platform.engine.support.hierarchical.ThrowableCollector.execute(ThrowableCollector.java:73)
	at org.junit.platform.engine.support.hierarchical.NodeTestTask.executeRecursively(NodeTestTask.java:138)
	at org.junit.platform.engine.support.hierarchical.NodeTestTask.execute(NodeTestTask.java:95)
	at org.junit.platform.engine.support.hierarchical.SameThreadHierarchicalTestExecutorService.submit(SameThreadHierarchicalTestExecutorService.java:35)
	at org.junit.platform.engine.support.hierarchical.HierarchicalTestExecutor.execute(HierarchicalTestExecutor.java:57)
	at org.junit.platform.engine.support.hierarchical.HierarchicalTestEngine.execute(HierarchicalTestEngine.java:54)
	at org.junit.platform.launcher.core.EngineExecutionOrchestrator.execute(EngineExecutionOrchestrator.java:147)
	at org.junit.platform.launcher.core.EngineExecutionOrchestrator.execute(EngineExecutionOrchestrator.java:127)
	at org.junit.platform.launcher.core.EngineExecutionOrchestrator.execute(EngineExecutionOrchestrator.java:90)
	at org.junit.platform.launcher.core.EngineExecutionOrchestrator.lambda$execute$0(EngineExecutionOrchestrator.java:55)
	at org.junit.platform.launcher.core.EngineExecutionOrchestrator.withInterceptedStreams(EngineExecutionOrchestrator.java:102)
	at org.junit.platform.launcher.core.EngineExecutionOrchestrator.execute(EngineExecutionOrchestrator.java:54)
	at org.junit.platform.launcher.core.DefaultLauncher.execute(DefaultLauncher.java:114)
	at org.junit.platform.launcher.core.DefaultLauncher.execute(DefaultLauncher.java:86)
	at org.junit.platform.launcher.core.DefaultLauncherSession$DelegatingLauncher.execute(DefaultLauncherSession.java:86)
	at org.apache.maven.surefire.junitplatform.LazyLauncher.execute(LazyLauncher.java:50)
	at org.apache.maven.surefire.junitplatform.JUnitPlatformProvider.execute(JUnitPlatformProvider.java:184)
	at org.apache.maven.surefire.junitplatform.JUnitPlatformProvider.invokeAllTests(JUnitPlatformProvider.java:148)
	at org.apache.maven.surefire.junitplatform.JUnitPlatformProvider.invoke(JUnitPlatformProvider.java:122)
	at org.apache.maven.surefire.booter.ForkedBooter.runSuitesInProcess(ForkedBooter.java:385)
	at org.apache.maven.surefire.booter.ForkedBooter.execute(ForkedBooter.java:162)
	at org.apache.maven.surefire.booter.ForkedBooter.run(ForkedBooter.java:507)
	at org.apache.maven.surefire.booter.ForkedBooter.main(ForkedBooter.java:495)
	Suppressed: org.jboss.resteasy.spi.UnhandledException: javax.ws.rs.ProcessingException: RESTEASY008205: JSON Binding serialization error javax.json.bind.JsonbException: Unable to serialize property 'users' from de.berlin.htw.lib.dto.ProjectJson
		at org.jboss.resteasy.core.ExceptionHandler.handleException(ExceptionHandler.java:368)
		at org.jboss.resteasy.core.SynchronousDispatcher.writeException(SynchronousDispatcher.java:218)
		at org.jboss.resteasy.core.SynchronousDispatcher.writeResponse(SynchronousDispatcher.java:614)
		at org.jboss.resteasy.core.SynchronousDispatcher.invoke(SynchronousDispatcher.java:524)
		at org.jboss.resteasy.core.SynchronousDispatcher.lambda$invoke$4(SynchronousDispatcher.java:261)
		at org.jboss.resteasy.core.SynchronousDispatcher.lambda$preprocess$0(SynchronousDispatcher.java:161)
		at org.jboss.resteasy.core.interception.jaxrs.PreMatchContainerRequestContext.filter(PreMatchContainerRequestContext.java:364)
		at org.jboss.resteasy.core.SynchronousDispatcher.preprocess(SynchronousDispatcher.java:164)
		at org.jboss.resteasy.core.SynchronousDispatcher.invoke(SynchronousDispatcher.java:247)
		at io.quarkus.resteasy.runtime.standalone.RequestDispatcher.service(RequestDispatcher.java:82)
		at io.quarkus.resteasy.runtime.standalone.VertxRequestHandler.dispatch(VertxRequestHandler.java:147)
		at io.quarkus.resteasy.runtime.standalone.VertxRequestHandler$1.run(VertxRequestHandler.java:93)
		at io.quarkus.vertx.core.runtime.VertxCoreRecorder$14.runWith(VertxCoreRecorder.java:576)
		at org.jboss.threads.EnhancedQueueExecutor$Task.run(EnhancedQueueExecutor.java:2449)
		at org.jboss.threads.EnhancedQueueExecutor$ThreadBody.run(EnhancedQueueExecutor.java:1478)
		at org.jboss.threads.DelegatingRunnable.run(DelegatingRunnable.java:29)
		at org.jboss.threads.ThreadLocalResettingRunnable.run(ThreadLocalResettingRunnable.java:29)
		at io.netty.util.concurrent.FastThreadLocalRunnable.run(FastThreadLocalRunnable.java:30)
		at java.base/java.lang.Thread.run(Thread.java:1623)
	Caused by: javax.ws.rs.ProcessingException: RESTEASY008205: JSON Binding serialization error javax.json.bind.JsonbException: Unable to serialize property 'users' from de.berlin.htw.lib.dto.ProjectJson
		at org.jboss.resteasy.plugins.providers.jsonb.JsonBindingProvider.asyncWriteTo(JsonBindingProvider.java:158)
		at org.jboss.resteasy.core.interception.jaxrs.ServerWriterInterceptorContext.writeTo(ServerWriterInterceptorContext.java:87)
		at org.jboss.resteasy.core.interception.jaxrs.AbstractWriterInterceptorContext.asyncProceed(AbstractWriterInterceptorContext.java:203)
		at org.jboss.resteasy.core.interception.jaxrs.AbstractWriterInterceptorContext.getStarted(AbstractWriterInterceptorContext.java:166)
		at org.jboss.resteasy.core.interception.jaxrs.ServerWriterInterceptorContext.lambda$getStarted$0(ServerWriterInterceptorContext.java:73)
		at org.jboss.resteasy.core.interception.jaxrs.ServerWriterInterceptorContext.aroundWriteTo(ServerWriterInterceptorContext.java:93)
		at org.jboss.resteasy.core.interception.jaxrs.ServerWriterInterceptorContext.getStarted(ServerWriterInterceptorContext.java:73)
		at org.jboss.resteasy.core.ServerResponseWriter.lambda$writeNomapResponse$3(ServerResponseWriter.java:163)
		at org.jboss.resteasy.core.interception.jaxrs.ContainerResponseContextImpl.filter(ContainerResponseContextImpl.java:410)
		at org.jboss.resteasy.core.ServerResponseWriter.executeFilters(ServerResponseWriter.java:252)
		at org.jboss.resteasy.core.ServerResponseWriter.writeNomapResponse(ServerResponseWriter.java:101)
		at org.jboss.resteasy.core.ServerResponseWriter.writeNomapResponse(ServerResponseWriter.java:74)
		at org.jboss.resteasy.core.SynchronousDispatcher.writeResponse(SynchronousDispatcher.java:594)
		... 16 more
	Caused by: javax.json.bind.JsonbException: Unable to serialize property 'users' from de.berlin.htw.lib.dto.ProjectJson
		at org.eclipse.yasson.internal.serializer.ObjectSerializer.serializeInternal(ObjectSerializer.java:71)
		at org.eclipse.yasson.internal.serializer.AbstractContainerSerializer.serialize(AbstractContainerSerializer.java:107)
		at org.eclipse.yasson.internal.Marshaller.serializeRoot(Marshaller.java:147)
		at org.eclipse.yasson.internal.Marshaller.marshall(Marshaller.java:73)
		at org.eclipse.yasson.internal.Marshaller.marshall(Marshaller.java:101)
		at org.eclipse.yasson.internal.JsonBinding.toJson(JsonBinding.java:126)
		at org.jboss.resteasy.plugins.providers.jsonb.JsonBindingProvider.asyncWriteTo(JsonBindingProvider.java:154)
		... 28 more
	Caused by: javax.json.bind.JsonbException: Unable to serialize property 'projects' from de.berlin.htw.entity.dto.UserEntity
		at org.eclipse.yasson.internal.serializer.ObjectSerializer.serializeInternal(ObjectSerializer.java:71)
		at org.eclipse.yasson.internal.serializer.AbstractContainerSerializer.serialize(AbstractContainerSerializer.java:107)
		at org.eclipse.yasson.internal.serializer.AbstractContainerSerializer.serializerCaptor(AbstractContainerSerializer.java:125)
		at org.eclipse.yasson.internal.serializer.AbstractContainerSerializer.serializeItem(AbstractContainerSerializer.java:194)
		at org.eclipse.yasson.internal.serializer.CollectionSerializer.serializeInternal(CollectionSerializer.java:39)
		at org.eclipse.yasson.internal.serializer.CollectionSerializer.serializeInternal(CollectionSerializer.java:25)
		at org.eclipse.yasson.internal.serializer.AbstractContainerSerializer.serialize(AbstractContainerSerializer.java:107)
		at org.eclipse.yasson.internal.serializer.AbstractContainerSerializer.serializerCaptor(AbstractContainerSerializer.java:125)
		at org.eclipse.yasson.internal.serializer.ObjectSerializer.marshallProperty(ObjectSerializer.java:121)
		at org.eclipse.yasson.internal.serializer.ObjectSerializer.serializeInternal(ObjectSerializer.java:69)
		... 34 more
	Caused by: javax.json.bind.JsonbException: Recursive reference has been found in class class de.berlin.htw.entity.dto.ProjectEntity.
		at org.eclipse.yasson.internal.serializer.ObjectSerializer.serializeInternal(ObjectSerializer.java:76)
		at org.eclipse.yasson.internal.serializer.AbstractContainerSerializer.serialize(AbstractContainerSerializer.java:107)
		at org.eclipse.yasson.internal.serializer.AbstractContainerSerializer.serializerCaptor(AbstractContainerSerializer.java:125)
		at org.eclipse.yasson.internal.serializer.AbstractContainerSerializer.serializeItem(AbstractContainerSerializer.java:194)
		at org.eclipse.yasson.internal.serializer.CollectionSerializer.serializeInternal(CollectionSerializer.java:39)
		at org.eclipse.yasson.internal.serializer.CollectionSerializer.serializeInternal(CollectionSerializer.java:25)
		at org.eclipse.yasson.internal.serializer.AbstractContainerSerializer.serialize(AbstractContainerSerializer.java:107)
		at org.eclipse.yasson.internal.serializer.AbstractContainerSerializer.serializerCaptor(AbstractContainerSerializer.java:125)
		at org.eclipse.yasson.internal.serializer.ObjectSerializer.marshallProperty(ObjectSerializer.java:121)
		at org.eclipse.yasson.internal.serializer.ObjectSerializer.serializeInternal(ObjectSerializer.java:69)
		... 43 more
]]></failure>
    <system-out><![CDATA[Request method:	POST
Request URI:	http://localhost:8081/api/v2/projects
Proxy:			<none>
Request params:	<none>
Query params:	<none>
Form params:	<none>
Path params:	<none>
Headers:		Accept=*/*
				Content-Type=application/json
Cookies:		<none>
Multiparts:		<none>
Body:
{
    "project_name": "Test Project"
}
2023-06-08 13:40:44,660 INFO  [de.ber.htw.con.ProjectController] (executor-thread-0) Creating a new project (name=Test Project)
HTTP/1.1 201 Created
Access-Control-Allow-Headers: *
Access-Control-Allow-Methods: *
Access-Control-Allow-Origin: *
Location: http://localhost:8081/api/v2/projects/586b75e2-3193-4040-bd59-d5f7fd4e1f2e
content-length: 0
Request method:	POST
Request URI:	http://localhost:8081/api/v2/users
Proxy:			<none>
Request params:	<none>
Query params:	<none>
Form params:	<none>
Path params:	<none>
Headers:		Accept=*/*
				Content-Type=application/json
Cookies:		<none>
Multiparts:		<none>
Body:
{
    "user_email": "max.mustermann@example.org",
    "user_name": "Max Mustermann"
}
2023-06-08 13:40:44,714 INFO  [de.ber.htw.con.UserController] (executor-thread-0) Creating a new user (name=Max Mustermann, email=max.mustermann@example.org)
HTTP/1.1 201 Created
Access-Control-Allow-Headers: *
Access-Control-Allow-Methods: *
Access-Control-Allow-Origin: *
Location: http://localhost:8081/api/v2/users/7744ecd3-39f4-4ae3-99ca-0cab5e51fddc
content-length: 0
Request method:	PATCH
Request URI:	http://localhost:8081/api/v2/projects/586b75e2-3193-4040-bd59-d5f7fd4e1f2e/users/7744ecd3-39f4-4ae3-99ca-0cab5e51fddc
Proxy:			<none>
Request params:	<none>
Query params:	<none>
Form params:	<none>
Path params:	<none>
Headers:		Accept=*/*
				Content-Type=application/json
Cookies:		<none>
Multiparts:		<none>
Body:			<none>
2023-06-08 13:40:44,770 INFO  [de.ber.htw.con.ProjectController] (executor-thread-0) adding a user (7744ecd3-39f4-4ae3-99ca-0cab5e51fddc) to an existing project (586b75e2-3193-4040-bd59-d5f7fd4e1f2e)
2023-06-08 13:40:44,784 INFO  [de.ber.htw.con.ProjectController] (executor-thread-0) updated project to: de.berlin.htw.entity.dto.ProjectEntity@9acf1fdf
HTTP/1.1 200 OK
Access-Control-Allow-Headers: *
Access-Control-Allow-Methods: *
Access-Control-Allow-Origin: *
Content-Type: application/json
content-length: 287

{
    "id": "586b75e2-3193-4040-bd59-d5f7fd4e1f2e",
    "project_name": "Test Project",
    "users": [
        {
            "createdAt": "2023-06-08T11:40:45Z[UTC]",
            "modifiedAt": "2023-06-08T11:40:45Z[UTC]",
            "email": "max.mustermann@example.org",
            "id": "7744ecd3-39f4-4ae3-99ca-0cab5e51fddc",
            "name": "Max Mustermann",
            "projects": [
                
            ]
        }
    ]
}
Request method:	GET
Request URI:	http://localhost:8081/api/v2/projects/586b75e2-3193-4040-bd59-d5f7fd4e1f2e
Proxy:			<none>
Request params:	<none>
Query params:	<none>
Form params:	<none>
Path params:	<none>
Headers:		Accept=*/*
Cookies:		<none>
Multiparts:		<none>
Body:			<none>
2023-06-08 13:40:44,833 INFO  [de.ber.htw.con.ProjectController] (executor-thread-0) Retrieving an existing project (id = 586b75e2-3193-4040-bd59-d5f7fd4e1f2e)
2023-06-08 13:40:44,865 SEVERE [org.ecl.yas.int.Marshaller] (executor-thread-0) Unable to serialize property 'users' from de.berlin.htw.lib.dto.ProjectJson
2023-06-08 13:40:44,875 SEVERE [org.ecl.yas.int.Marshaller] (executor-thread-0) Generating incomplete JSON
2023-06-08 13:40:44,893 ERROR [io.qua.ver.htt.run.QuarkusErrorHandler] (executor-thread-0) HTTP Request to /api/v2/projects/586b75e2-3193-4040-bd59-d5f7fd4e1f2e failed, error id: 4a598340-ef60-4e94-835f-aed200fcaeab-1: org.jboss.resteasy.spi.UnhandledException: javax.ws.rs.ProcessingException: RESTEASY008205: JSON Binding serialization error javax.json.bind.JsonbException: Unable to serialize property 'users' from de.berlin.htw.lib.dto.ProjectJson
	at org.jboss.resteasy.core.ExceptionHandler.handleException(ExceptionHandler.java:368)
	at org.jboss.resteasy.core.SynchronousDispatcher.writeException(SynchronousDispatcher.java:218)
	at org.jboss.resteasy.core.SynchronousDispatcher.writeResponse(SynchronousDispatcher.java:614)
	at org.jboss.resteasy.core.SynchronousDispatcher.invoke(SynchronousDispatcher.java:524)
	at org.jboss.resteasy.core.SynchronousDispatcher.lambda$invoke$4(SynchronousDispatcher.java:261)
	at org.jboss.resteasy.core.SynchronousDispatcher.lambda$preprocess$0(SynchronousDispatcher.java:161)
	at org.jboss.resteasy.core.interception.jaxrs.PreMatchContainerRequestContext.filter(PreMatchContainerRequestContext.java:364)
	at org.jboss.resteasy.core.SynchronousDispatcher.preprocess(SynchronousDispatcher.java:164)
	at org.jboss.resteasy.core.SynchronousDispatcher.invoke(SynchronousDispatcher.java:247)
	at io.quarkus.resteasy.runtime.standalone.RequestDispatcher.service(RequestDispatcher.java:82)
	at io.quarkus.resteasy.runtime.standalone.VertxRequestHandler.dispatch(VertxRequestHandler.java:147)
	at io.quarkus.resteasy.runtime.standalone.VertxRequestHandler$1.run(VertxRequestHandler.java:93)
	at io.quarkus.vertx.core.runtime.VertxCoreRecorder$14.runWith(VertxCoreRecorder.java:576)
	at org.jboss.threads.EnhancedQueueExecutor$Task.run(EnhancedQueueExecutor.java:2449)
	at org.jboss.threads.EnhancedQueueExecutor$ThreadBody.run(EnhancedQueueExecutor.java:1478)
	at org.jboss.threads.DelegatingRunnable.run(DelegatingRunnable.java:29)
	at org.jboss.threads.ThreadLocalResettingRunnable.run(ThreadLocalResettingRunnable.java:29)
	at io.netty.util.concurrent.FastThreadLocalRunnable.run(FastThreadLocalRunnable.java:30)
	at java.base/java.lang.Thread.run(Thread.java:1623)
Caused by: javax.ws.rs.ProcessingException: RESTEASY008205: JSON Binding serialization error javax.json.bind.JsonbException: Unable to serialize property 'users' from de.berlin.htw.lib.dto.ProjectJson
	at org.jboss.resteasy.plugins.providers.jsonb.JsonBindingProvider.asyncWriteTo(JsonBindingProvider.java:158)
	at org.jboss.resteasy.core.interception.jaxrs.ServerWriterInterceptorContext.writeTo(ServerWriterInterceptorContext.java:87)
	at org.jboss.resteasy.core.interception.jaxrs.AbstractWriterInterceptorContext.asyncProceed(AbstractWriterInterceptorContext.java:203)
	at org.jboss.resteasy.core.interception.jaxrs.AbstractWriterInterceptorContext.getStarted(AbstractWriterInterceptorContext.java:166)
	at org.jboss.resteasy.core.interception.jaxrs.ServerWriterInterceptorContext.lambda$getStarted$0(ServerWriterInterceptorContext.java:73)
	at org.jboss.resteasy.core.interception.jaxrs.ServerWriterInterceptorContext.aroundWriteTo(ServerWriterInterceptorContext.java:93)
	at org.jboss.resteasy.core.interception.jaxrs.ServerWriterInterceptorContext.getStarted(ServerWriterInterceptorContext.java:73)
	at org.jboss.resteasy.core.ServerResponseWriter.lambda$writeNomapResponse$3(ServerResponseWriter.java:163)
	at org.jboss.resteasy.core.interception.jaxrs.ContainerResponseContextImpl.filter(ContainerResponseContextImpl.java:410)
	at org.jboss.resteasy.core.ServerResponseWriter.executeFilters(ServerResponseWriter.java:252)
	at org.jboss.resteasy.core.ServerResponseWriter.writeNomapResponse(ServerResponseWriter.java:101)
	at org.jboss.resteasy.core.ServerResponseWriter.writeNomapResponse(ServerResponseWriter.java:74)
	at org.jboss.resteasy.core.SynchronousDispatcher.writeResponse(SynchronousDispatcher.java:594)
	... 16 more
Caused by: javax.json.bind.JsonbException: Unable to serialize property 'users' from de.berlin.htw.lib.dto.ProjectJson
	at org.eclipse.yasson.internal.serializer.ObjectSerializer.serializeInternal(ObjectSerializer.java:71)
	at org.eclipse.yasson.internal.serializer.AbstractContainerSerializer.serialize(AbstractContainerSerializer.java:107)
	at org.eclipse.yasson.internal.Marshaller.serializeRoot(Marshaller.java:147)
	at org.eclipse.yasson.internal.Marshaller.marshall(Marshaller.java:73)
	at org.eclipse.yasson.internal.Marshaller.marshall(Marshaller.java:101)
	at org.eclipse.yasson.internal.JsonBinding.toJson(JsonBinding.java:126)
	at org.jboss.resteasy.plugins.providers.jsonb.JsonBindingProvider.asyncWriteTo(JsonBindingProvider.java:154)
	... 28 more
Caused by: javax.json.bind.JsonbException: Unable to serialize property 'projects' from de.berlin.htw.entity.dto.UserEntity
	at org.eclipse.yasson.internal.serializer.ObjectSerializer.serializeInternal(ObjectSerializer.java:71)
	at org.eclipse.yasson.internal.serializer.AbstractContainerSerializer.serialize(AbstractContainerSerializer.java:107)
	at org.eclipse.yasson.internal.serializer.AbstractContainerSerializer.serializerCaptor(AbstractContainerSerializer.java:125)
	at org.eclipse.yasson.internal.serializer.AbstractContainerSerializer.serializeItem(AbstractContainerSerializer.java:194)
	at org.eclipse.yasson.internal.serializer.CollectionSerializer.serializeInternal(CollectionSerializer.java:39)
	at org.eclipse.yasson.internal.serializer.CollectionSerializer.serializeInternal(CollectionSerializer.java:25)
	at org.eclipse.yasson.internal.serializer.AbstractContainerSerializer.serialize(AbstractContainerSerializer.java:107)
	at org.eclipse.yasson.internal.serializer.AbstractContainerSerializer.serializerCaptor(AbstractContainerSerializer.java:125)
	at org.eclipse.yasson.internal.serializer.ObjectSerializer.marshallProperty(ObjectSerializer.java:121)
	at org.eclipse.yasson.internal.serializer.ObjectSerializer.serializeInternal(ObjectSerializer.java:69)
	... 34 more
Caused by: javax.json.bind.JsonbException: Recursive reference has been found in class class de.berlin.htw.entity.dto.ProjectEntity.
	at org.eclipse.yasson.internal.serializer.ObjectSerializer.serializeInternal(ObjectSerializer.java:76)
	at org.eclipse.yasson.internal.serializer.AbstractContainerSerializer.serialize(AbstractContainerSerializer.java:107)
	at org.eclipse.yasson.internal.serializer.AbstractContainerSerializer.serializerCaptor(AbstractContainerSerializer.java:125)
	at org.eclipse.yasson.internal.serializer.AbstractContainerSerializer.serializeItem(AbstractContainerSerializer.java:194)
	at org.eclipse.yasson.internal.serializer.CollectionSerializer.serializeInternal(CollectionSerializer.java:39)
	at org.eclipse.yasson.internal.serializer.CollectionSerializer.serializeInternal(CollectionSerializer.java:25)
	at org.eclipse.yasson.internal.serializer.AbstractContainerSerializer.serialize(AbstractContainerSerializer.java:107)
	at org.eclipse.yasson.internal.serializer.AbstractContainerSerializer.serializerCaptor(AbstractContainerSerializer.java:125)
	at org.eclipse.yasson.internal.serializer.ObjectSerializer.marshallProperty(ObjectSerializer.java:121)
	at org.eclipse.yasson.internal.serializer.ObjectSerializer.serializeInternal(ObjectSerializer.java:69)
	... 43 more

HTTP/1.1 500 Internal Server Error
Access-Control-Allow-Headers: *
Access-Control-Allow-Methods: *
Access-Control-Allow-Origin: *
content-type: application/json; charset=utf-8
content-length: 7635

{
    "details": "Error id 4a598340-ef60-4e94-835f-aed200fcaeab-1, org.jboss.resteasy.spi.UnhandledException: javax.ws.rs.ProcessingException: RESTEASY008205: JSON Binding serialization error javax.json.bind.JsonbException: Unable to serialize property 'users' from de.berlin.htw.lib.dto.ProjectJson",
    "stack": "org.jboss.resteasy.spi.UnhandledException: javax.ws.rs.ProcessingException: RESTEASY008205: JSON Binding serialization error javax.json.bind.JsonbException: Unable to serialize property 'users' from de.berlin.htw.lib.dto.ProjectJson\r\n\tat org.jboss.resteasy.core.ExceptionHandler.handleException(ExceptionHandler.java:368)\r\n\tat org.jboss.resteasy.core.SynchronousDispatcher.writeException(SynchronousDispatcher.java:218)\r\n\tat org.jboss.resteasy.core.SynchronousDispatcher.writeResponse(SynchronousDispatcher.java:614)\r\n\tat org.jboss.resteasy.core.SynchronousDispatcher.invoke(SynchronousDispatcher.java:524)\r\n\tat org.jboss.resteasy.core.SynchronousDispatcher.lambda$invoke$4(SynchronousDispatcher.java:261)\r\n\tat org.jboss.resteasy.core.SynchronousDispatcher.lambda$preprocess$0(SynchronousDispatcher.java:161)\r\n\tat org.jboss.resteasy.core.interception.jaxrs.PreMatchContainerRequestContext.filter(PreMatchContainerRequestContext.java:364)\r\n\tat org.jboss.resteasy.core.SynchronousDispatcher.preprocess(SynchronousDispatcher.java:164)\r\n\tat org.jboss.resteasy.core.SynchronousDispatcher.invoke(SynchronousDispatcher.java:247)\r\n\tat io.quarkus.resteasy.runtime.standalone.RequestDispatcher.service(RequestDispatcher.java:82)\r\n\tat io.quarkus.resteasy.runtime.standalone.VertxRequestHandler.dispatch(VertxRequestHandler.java:147)\r\n\tat io.quarkus.resteasy.runtime.standalone.VertxRequestHandler$1.run(VertxRequestHandler.java:93)\r\n\tat io.quarkus.vertx.core.runtime.VertxCoreRecorder$14.runWith(VertxCoreRecorder.java:576)\r\n\tat org.jboss.threads.EnhancedQueueExecutor$Task.run(EnhancedQueueExecutor.java:2449)\r\n\tat org.jboss.threads.EnhancedQueueExecutor$ThreadBody.run(EnhancedQueueExecutor.java:1478)\r\n\tat org.jboss.threads.DelegatingRunnable.run(DelegatingRunnable.java:29)\r\n\tat org.jboss.threads.ThreadLocalResettingRunnable.run(ThreadLocalResettingRunnable.java:29)\r\n\tat io.netty.util.concurrent.FastThreadLocalRunnable.run(FastThreadLocalRunnable.java:30)\r\n\tat java.base/java.lang.Thread.run(Thread.java:1623)\r\nCaused by: javax.ws.rs.ProcessingException: RESTEASY008205: JSON Binding serialization error javax.json.bind.JsonbException: Unable to serialize property 'users' from de.berlin.htw.lib.dto.ProjectJson\r\n\tat org.jboss.resteasy.plugins.providers.jsonb.JsonBindingProvider.asyncWriteTo(JsonBindingProvider.java:158)\r\n\tat org.jboss.resteasy.core.interception.jaxrs.ServerWriterInterceptorContext.writeTo(ServerWriterInterceptorContext.java:87)\r\n\tat org.jboss.resteasy.core.interception.jaxrs.AbstractWriterInterceptorContext.asyncProceed(AbstractWriterInterceptorContext.java:203)\r\n\tat org.jboss.resteasy.core.interception.jaxrs.AbstractWriterInterceptorContext.getStarted(AbstractWriterInterceptorContext.java:166)\r\n\tat org.jboss.resteasy.core.interception.jaxrs.ServerWriterInterceptorContext.lambda$getStarted$0(ServerWriterInterceptorContext.java:73)\r\n\tat org.jboss.resteasy.core.interception.jaxrs.ServerWriterInterceptorContext.aroundWriteTo(ServerWriterInterceptorContext.java:93)\r\n\tat org.jboss.resteasy.core.interception.jaxrs.ServerWriterInterceptorContext.getStarted(ServerWriterInterceptorContext.java:73)\r\n\tat org.jboss.resteasy.core.ServerResponseWriter.lambda$writeNomapResponse$3(ServerResponseWriter.java:163)\r\n\tat org.jboss.resteasy.core.interception.jaxrs.ContainerResponseContextImpl.filter(ContainerResponseContextImpl.java:410)\r\n\tat org.jboss.resteasy.core.ServerResponseWriter.executeFilters(ServerResponseWriter.java:252)\r\n\tat org.jboss.resteasy.core.ServerResponseWriter.writeNomapResponse(ServerResponseWriter.java:101)\r\n\tat org.jboss.resteasy.core.ServerResponseWriter.writeNomapResponse(ServerResponseWriter.java:74)\r\n\tat org.jboss.resteasy.core.SynchronousDispatcher.writeResponse(SynchronousDispatcher.java:594)\r\n\t... 16 more\r\nCaused by: javax.json.bind.JsonbException: Unable to serialize property 'users' from de.berlin.htw.lib.dto.ProjectJson\r\n\tat org.eclipse.yasson.internal.serializer.ObjectSerializer.serializeInternal(ObjectSerializer.java:71)\r\n\tat org.eclipse.yasson.internal.serializer.AbstractContainerSerializer.serialize(AbstractContainerSerializer.java:107)\r\n\tat org.eclipse.yasson.internal.Marshaller.serializeRoot(Marshaller.java:147)\r\n\tat org.eclipse.yasson.internal.Marshaller.marshall(Marshaller.java:73)\r\n\tat org.eclipse.yasson.internal.Marshaller.marshall(Marshaller.java:101)\r\n\tat org.eclipse.yasson.internal.JsonBinding.toJson(JsonBinding.java:126)\r\n\tat org.jboss.resteasy.plugins.providers.jsonb.JsonBindingProvider.asyncWriteTo(JsonBindingProvider.java:154)\r\n\t... 28 more\r\nCaused by: javax.json.bind.JsonbException: Unable to serialize property 'projects' from de.berlin.htw.entity.dto.UserEntity\r\n\tat org.eclipse.yasson.internal.serializer.ObjectSerializer.serializeInternal(ObjectSerializer.java:71)\r\n\tat org.eclipse.yasson.internal.serializer.AbstractContainerSerializer.serialize(AbstractContainerSerializer.java:107)\r\n\tat org.eclipse.yasson.internal.serializer.AbstractContainerSerializer.serializerCaptor(AbstractContainerSerializer.java:125)\r\n\tat org.eclipse.yasson.internal.serializer.AbstractContainerSerializer.serializeItem(AbstractContainerSerializer.java:194)\r\n\tat org.eclipse.yasson.internal.serializer.CollectionSerializer.serializeInternal(CollectionSerializer.java:39)\r\n\tat org.eclipse.yasson.internal.serializer.CollectionSerializer.serializeInternal(CollectionSerializer.java:25)\r\n\tat org.eclipse.yasson.internal.serializer.AbstractContainerSerializer.serialize(AbstractContainerSerializer.java:107)\r\n\tat org.eclipse.yasson.internal.serializer.AbstractContainerSerializer.serializerCaptor(AbstractContainerSerializer.java:125)\r\n\tat org.eclipse.yasson.internal.serializer.ObjectSerializer.marshallProperty(ObjectSerializer.java:121)\r\n\tat org.eclipse.yasson.internal.serializer.ObjectSerializer.serializeInternal(ObjectSerializer.java:69)\r\n\t... 34 more\r\nCaused by: javax.json.bind.JsonbException: Recursive reference has been found in class class de.berlin.htw.entity.dto.ProjectEntity.\r\n\tat org.eclipse.yasson.internal.serializer.ObjectSerializer.serializeInternal(ObjectSerializer.java:76)\r\n\tat org.eclipse.yasson.internal.serializer.AbstractContainerSerializer.serialize(AbstractContainerSerializer.java:107)\r\n\tat org.eclipse.yasson.internal.serializer.AbstractContainerSerializer.serializerCaptor(AbstractContainerSerializer.java:125)\r\n\tat org.eclipse.yasson.internal.serializer.AbstractContainerSerializer.serializeItem(AbstractContainerSerializer.java:194)\r\n\tat org.eclipse.yasson.internal.serializer.CollectionSerializer.serializeInternal(CollectionSerializer.java:39)\r\n\tat org.eclipse.yasson.internal.serializer.CollectionSerializer.serializeInternal(CollectionSerializer.java:25)\r\n\tat org.eclipse.yasson.internal.serializer.AbstractContainerSerializer.serialize(AbstractContainerSerializer.java:107)\r\n\tat org.eclipse.yasson.internal.serializer.AbstractContainerSerializer.serializerCaptor(AbstractContainerSerializer.java:125)\r\n\tat org.eclipse.yasson.internal.serializer.ObjectSerializer.marshallProperty(ObjectSerializer.java:121)\r\n\tat org.eclipse.yasson.internal.serializer.ObjectSerializer.serializeInternal(ObjectSerializer.java:69)\r\n\t... 43 more"
}
]]></system-out>
  </testcase>
  <testcase name="testCreateAndGet" classname="de.berlin.htw.boundary.ProjectResourceTest" time="0.179">
    <system-out><![CDATA[Request method:	POST
Request URI:	http://localhost:8081/api/v2/projects
Proxy:			<none>
Request params:	<none>
Query params:	<none>
Form params:	<none>
Path params:	<none>
Headers:		Accept=*/*
				Content-Type=application/json
Cookies:		<none>
Multiparts:		<none>
Body:
{
    "project_name": "Test Project"
}
2023-06-08 13:40:45,091 INFO  [de.ber.htw.con.ProjectController] (executor-thread-0) Creating a new project (name=Test Project)
HTTP/1.1 201 Created
Access-Control-Allow-Headers: *
Access-Control-Allow-Methods: *
Access-Control-Allow-Origin: *
Location: http://localhost:8081/api/v2/projects/9929c06a-3427-4eff-b9ce-97ca89dbc5f6
content-length: 0
Request method:	GET
Request URI:	http://localhost:8081/api/v2/projects/9929c06a-3427-4eff-b9ce-97ca89dbc5f6
Proxy:			<none>
Request params:	<none>
Query params:	<none>
Form params:	<none>
Path params:	<none>
Headers:		Accept=*/*
Cookies:		<none>
Multiparts:		<none>
Body:			<none>
2023-06-08 13:40:45,146 INFO  [de.ber.htw.con.ProjectController] (executor-thread-0) Retrieving an existing project (id = 9929c06a-3427-4eff-b9ce-97ca89dbc5f6)
HTTP/1.1 200 OK
Access-Control-Allow-Headers: *
Access-Control-Allow-Methods: *
Access-Control-Allow-Origin: *
Content-Type: application/json
content-length: 86

{
    "id": "9929c06a-3427-4eff-b9ce-97ca89dbc5f6",
    "project_name": "Test Project",
    "users": [
        
    ]
}
]]></system-out>
  </testcase>
</testsuite>