<?xml version="1.0" encoding="UTF-8"?>
<testsuite xmlns:xsi="http://www.w3.org/2001/XMLSchema-instance" xsi:noNamespaceSchemaLocation="https://maven.apache.org/surefire/maven-surefire-plugin/xsd/surefire-test-report-3.0.xsd" version="3.0" name="de.berlin.htw.boundary.UserResourceTest" time="0.396" tests="3" errors="0" skipped="0" failures="0">
  <properties>
[...]
</properties>
  <testcase name="testNotFound" classname="de.berlin.htw.boundary.UserResourceTest" time="0.121">
    <system-out><![CDATA[Request method:	GET
Request URI:	http://localhost:8081/api/v2/users/024b9274-f504-4d50-8afc-06b90b16b0db
Proxy:			<none>
Request params:	<none>
Query params:	<none>
Form params:	<none>
Path params:	<none>
Headers:		Accept=*/*
Cookies:		<none>
Multiparts:		<none>
Body:			<none>
Request method:	GET
Request URI:	http://localhost:8081/api/v2/users/024b9274-f504-4d50-8afc-06b90b16b0db
Proxy:			<none>
Request params:	<none>
Query params:	<none>
Form params:	<none>
Path params:	<none>
Headers:		Accept=*/*
Cookies:		<none>
Multiparts:		<none>
Body:			<none>
2023-06-08 13:40:45,328 INFO  [de.ber.htw.con.UserController] (executor-thread-0) Retrieving an existing user (id = 024b9274-f504-4d50-8afc-06b90b16b0db)
HTTP/1.1 404 Not Found
Access-Control-Allow-Headers: *
Access-Control-Allow-Methods: *
Access-Control-Allow-Origin: *
content-length: 0
HTTP/1.1 404 Not Found
Access-Control-Allow-Headers: *
Access-Control-Allow-Methods: *
Access-Control-Allow-Origin: *
content-length: 0
]]></system-out>
  </testcase>
  <testcase name="testInvalidUserId" classname="de.berlin.htw.boundary.UserResourceTest" time="0.093">
    <system-out><![CDATA[Request method:	GET
Request URI:	http://localhost:8081/api/v2/users/anyId
Proxy:			<none>
Request params:	<none>
Query params:	<none>
Form params:	<none>
Path params:	<none>
Headers:		Accept=*/*
Cookies:		<none>
Multiparts:		<none>
Body:			<none>
Request method:	GET
Request URI:	http://localhost:8081/api/v2/users/anyId
Proxy:			<none>
Request params:	<none>
Query params:	<none>
Form params:	<none>
Path params:	<none>
Headers:		Accept=*/*
Cookies:		<none>
Multiparts:		<none>
Body:			<none>
2023-06-08 13:40:45,432 INFO  [de.ber.htw.con.UserController] (executor-thread-0) Retrieving an existing user (id = anyId)
2023-06-08 13:40:45,432 ERROR [org.jbo.res.res.i18n] (executor-thread-0) RESTEASY002010: Failed to execute: javax.ws.rs.BadRequestException: Invalid user id
	at de.berlin.htw.boundary.UserResource.getUser(UserResource.java:52)
	at java.base/jdk.internal.reflect.DirectMethodHandleAccessor.invoke(DirectMethodHandleAccessor.java:104)
	at java.base/java.lang.reflect.Method.invoke(Method.java:578)
	at org.jboss.resteasy.core.MethodInjectorImpl.invoke(MethodInjectorImpl.java:170)
	at org.jboss.resteasy.core.MethodInjectorImpl.invoke(MethodInjectorImpl.java:130)
	at org.jboss.resteasy.core.ResourceMethodInvoker.internalInvokeOnTarget(ResourceMethodInvoker.java:660)
	at org.jboss.resteasy.core.ResourceMethodInvoker.invokeOnTargetAfterFilter(ResourceMethodInvoker.java:524)
	at org.jboss.resteasy.core.ResourceMethodInvoker.lambda$invokeOnTarget$2(ResourceMethodInvoker.java:474)
	at org.jboss.resteasy.core.interception.jaxrs.PreMatchContainerRequestContext.filter(PreMatchContainerRequestContext.java:364)
	at org.jboss.resteasy.core.ResourceMethodInvoker.invokeOnTarget(ResourceMethodInvoker.java:476)
	at org.jboss.resteasy.core.ResourceMethodInvoker.invoke(ResourceMethodInvoker.java:434)
	at org.jboss.resteasy.core.ResourceMethodInvoker.invoke(ResourceMethodInvoker.java:408)
	at org.jboss.resteasy.core.ResourceMethodInvoker.invoke(ResourceMethodInvoker.java:69)
	at org.jboss.resteasy.core.SynchronousDispatcher.invoke(SynchronousDispatcher.java:492)
	at org.jboss.resteasy.core.SynchronousDispatcher.lambda$invoke$4(SynchronousDispatcher.java:261)
	at org.jboss.resteasy.core.SynchronousDispatcher.lambda$preprocess$0(SynchronousDispatcher.java:161)
	at org.jboss.resteasy.core.interception.jaxrs.PreMatchContainerRequestContext.filter(PreMatchContainerRequestContext.java:364)
	at org.jboss.resteasy.core.SynchronousDispatcher.preprocess(SynchronousDispatcher.java:164)
	at org.jboss.resteasy.core.SynchronousDispatcher.invoke(SynchronousDispatcher.java:247)
	at io.quarkus.resteasy.runtime.standalone.RequestDispatcher.service(RequestDispatcher.java:82)
	at io.quarkus.resteasy.runtime.standalone.VertxRequestHandler.dispatch(VertxRequestHandler.java:147)
	at io.quarkus.resteasy.runtime.standalone.VertxRequestHandler$1.run(VertxRequestHandler.java:93)
	at io.quarkus.vertx.core.runtime.VertxCoreRecorder$14.runWith(VertxCoreRecorder.java:576)
	at org.jboss.threads.EnhancedQueueExecutor$Task.run(EnhancedQueueExecutor.java:2449)
	at org.jboss.threads.EnhancedQueueExecutor$ThreadBody.run(EnhancedQueueExecutor.java:1478)
	at org.jboss.threads.DelegatingRunnable.run(DelegatingRunnable.java:29)
	at org.jboss.threads.ThreadLocalResettingRunnable.run(ThreadLocalResettingRunnable.java:29)
	at io.netty.util.concurrent.FastThreadLocalRunnable.run(FastThreadLocalRunnable.java:30)
	at java.base/java.lang.Thread.run(Thread.java:1623)
Caused by: java.lang.IllegalArgumentException: Invalid UUID string: anyId
	at java.base/java.util.UUID.fromString1(UUID.java:280)
	at java.base/java.util.UUID.fromString(UUID.java:258)
	at de.berlin.htw.entity.dao.UserRepository.get(UserRepository.java:41)
	at de.berlin.htw.entity.dao.UserRepository_Subclass.get$$superforward1(Unknown Source)
	at de.berlin.htw.entity.dao.UserRepository_Subclass$$function$$2.apply(Unknown Source)
	at io.quarkus.arc.impl.AroundInvokeInvocationContext.proceed(AroundInvokeInvocationContext.java:54)
	at io.quarkus.narayana.jta.runtime.interceptor.TransactionalInterceptorBase.invokeInNoTx(TransactionalInterceptorBase.java:312)
	at io.quarkus.narayana.jta.runtime.interceptor.TransactionalInterceptorSupports.doIntercept(TransactionalInterceptorSupports.java:32)
	at io.quarkus.narayana.jta.runtime.interceptor.TransactionalInterceptorBase.intercept(TransactionalInterceptorBase.java:58)
	at io.quarkus.narayana.jta.runtime.interceptor.TransactionalInterceptorSupports.intercept(TransactionalInterceptorSupports.java:26)
	at io.quarkus.narayana.jta.runtime.interceptor.TransactionalInterceptorSupports_Bean.intercept(Unknown Source)
	at io.quarkus.arc.impl.InterceptorInvocation.invoke(InterceptorInvocation.java:42)
	at io.quarkus.arc.impl.AroundInvokeInvocationContext.perform(AroundInvokeInvocationContext.java:41)
	at io.quarkus.arc.impl.InvocationContexts.performAroundInvoke(InvocationContexts.java:33)
	at de.berlin.htw.entity.dao.UserRepository_Subclass.get(Unknown Source)
	at de.berlin.htw.entity.dao.UserRepository_ClientProxy.get(Unknown Source)
	at de.berlin.htw.control.UserController.getUser(UserController.java:63)
	at de.berlin.htw.control.UserController_ClientProxy.getUser(Unknown Source)
	at de.berlin.htw.boundary.UserResource.getUser(UserResource.java:49)
	... 28 more

HTTP/1.1 400 Bad Request
Access-Control-Allow-Headers: *
Access-Control-Allow-Methods: *
Access-Control-Allow-Origin: *
content-length: 0
HTTP/1.1 400 Bad Request
Access-Control-Allow-Headers: *
Access-Control-Allow-Methods: *
Access-Control-Allow-Origin: *
content-length: 0
]]></system-out>
  </testcase>
  <testcase name="testCreateAndGet" classname="de.berlin.htw.boundary.UserResourceTest" time="0.161">
    <system-out><![CDATA[Request method:	POST
Request URI:	http://localhost:8081/api/v2/users
Proxy:			<none>
Request params:	<none>
Query params:	<none>
Form params:	<none>
Path params:	<none>
Headers:		Accept=*/*
				Content-Type=application/json
Cookies:		<none>
Multiparts:		<none>
Body:
{
    "user_email": "any@example.org",
    "user_name": "Test"
}
Request method:	POST
Request URI:	http://localhost:8081/api/v2/users
Proxy:			<none>
Request params:	<none>
Query params:	<none>
Form params:	<none>
Path params:	<none>
Headers:		Accept=*/*
				Content-Type=application/json
Cookies:		<none>
Multiparts:		<none>
Body:
{
    "user_email": "any@example.org",
    "user_name": "Test"
}
2023-06-08 13:40:45,503 INFO  [de.ber.htw.con.UserController] (executor-thread-0) Creating a new user (name=Test, email=any@example.org)
HTTP/1.1 201 Created
Access-Control-Allow-Headers: *
Access-Control-Allow-Methods: *
Access-Control-Allow-Origin: *
Location: http://localhost:8081/api/v2/users/c5646a96-e2c5-4f05-bd8f-b9e8d988fae9
content-length: 0
HTTP/1.1 201 Created
Access-Control-Allow-Headers: *
Access-Control-Allow-Methods: *
Access-Control-Allow-Origin: *
Location: http://localhost:8081/api/v2/users/c5646a96-e2c5-4f05-bd8f-b9e8d988fae9
content-length: 0
Request method:	GET
Request URI:	http://localhost:8081/api/v2/users/c5646a96-e2c5-4f05-bd8f-b9e8d988fae9
Proxy:			<none>
Request params:	<none>
Query params:	<none>
Form params:	<none>
Path params:	<none>
Headers:		Accept=*/*
Cookies:		<none>
Multiparts:		<none>
Body:			<none>
Request method:	GET
Request URI:	http://localhost:8081/api/v2/users/c5646a96-e2c5-4f05-bd8f-b9e8d988fae9
Proxy:			<none>
Request params:	<none>
Query params:	<none>
Form params:	<none>
Path params:	<none>
Headers:		Accept=*/*
Cookies:		<none>
Multiparts:		<none>
Body:			<none>
2023-06-08 13:40:45,542 INFO  [de.ber.htw.con.UserController] (executor-thread-0) Retrieving an existing user (id = c5646a96-e2c5-4f05-bd8f-b9e8d988fae9)
HTTP/1.1 200 OK
Access-Control-Allow-Headers: *
Access-Control-Allow-Methods: *
Access-Control-Allow-Origin: *
Content-Type: application/json
content-length: 95

{
    "id": "c5646a96-e2c5-4f05-bd8f-b9e8d988fae9",
    "user_email": "any@example.org",
    "user_name": "Test"
}
HTTP/1.1 200 OK
Access-Control-Allow-Headers: *
Access-Control-Allow-Methods: *
Access-Control-Allow-Origin: *
Content-Type: application/json
content-length: 95

{
    "id": "c5646a96-e2c5-4f05-bd8f-b9e8d988fae9",
    "user_email": "any@example.org",
    "user_name": "Test"
}
]]></system-out>
  </testcase>
</testsuite>