<?xml version="1.0" encoding="UTF-8"?>
<testsuite xmlns:xsi="http://www.w3.org/2001/XMLSchema-instance" xsi:noNamespaceSchemaLocation="https://maven.apache.org/surefire/maven-surefire-plugin/xsd/surefire-test-report-3.0.xsd" version="3.0" name="de.berlin.htw.FibonacciResourceTest" time="30.223" tests="1" errors="0" skipped="0" failures="0">
  <properties>
[...]
</properties>
  <testcase name="testFibonacciSequence" classname="de.berlin.htw.FibonacciResourceTest" time="20.033">
    <system-out><![CDATA[2023-07-11 12:06:39,459 INFO  [io.qua.sma.dep.processor] (build-6) Generating Jackson deserializer for type de.berlin.htw.boundary.dto.FibonacciTuple
2023-07-11 12:06:39,475 INFO  [io.qua.sma.dep.processor] (build-6) Generating Jackson deserializer for type de.berlin.htw.boundary.dto.Tweet
2023-07-11 12:06:39,483 INFO  [io.qua.sma.dep.processor] (build-6) Generating Jackson serializer for type de.berlin.htw.boundary.dto.FibonacciTuple
2023-07-11 12:06:39,485 INFO  [io.qua.sma.dep.processor] (build-6) Generating Jackson serializer for type de.berlin.htw.boundary.dto.Tweet
2023-07-11 12:06:42,380 INFO  [io.sma.rea.mes.kafka] (main) SRMSG18229: Configured topics for channel 'fibonacci-consumer': [fibonacci]
2023-07-11 12:06:43,072 ERROR [io.qua.sch.com.run.StatusEmitterInvoker] (executor-thread-0) Error occurred while executing task for trigger IntervalTrigger [id=1_de.berlin.htw.control.TweetController_ScheduledInvoker_produceTweet_a8fc2d958b3beb8fcdda68ccaeb4330f1fede201, interval=10000]: java.util.concurrent.CompletionException: java.lang.RuntimeException: Error injecting org.eclipse.microprofile.reactive.messaging.Emitter<de.berlin.htw.boundary.dto.Tweet> de.berlin.htw.boundary.TwitterProducer.producer
	at java.base/java.util.concurrent.CompletableFuture.encodeThrowable(CompletableFuture.java:332)
	at java.base/java.util.concurrent.CompletableFuture.completeThrowable(CompletableFuture.java:347)
	at java.base/java.util.concurrent.CompletableFuture.uniWhenComplete(CompletableFuture.java:874)
	at java.base/java.util.concurrent.CompletableFuture.uniWhenCompleteStage(CompletableFuture.java:887)
	at java.base/java.util.concurrent.CompletableFuture.whenComplete(CompletableFuture.java:2357)
	at java.base/java.util.concurrent.CompletableFuture$MinimalStage.whenComplete(CompletableFuture.java:2948)
	at io.quarkus.scheduler.common.runtime.DefaultInvoker.invoke(DefaultInvoker.java:24)
	at io.quarkus.scheduler.common.runtime.StatusEmitterInvoker.invoke(StatusEmitterInvoker.java:35)
	at io.quarkus.scheduler.runtime.SimpleScheduler$ScheduledTask.doInvoke(SimpleScheduler.java:333)
	at io.quarkus.scheduler.runtime.SimpleScheduler$ScheduledTask$1.handle(SimpleScheduler.java:314)
	at io.quarkus.scheduler.runtime.SimpleScheduler$ScheduledTask$1.handle(SimpleScheduler.java:310)
	at io.vertx.core.impl.ContextBase.lambda$null$0(ContextBase.java:137)
	at io.vertx.core.impl.ContextInternal.dispatch(ContextInternal.java:264)
	at io.vertx.core.impl.ContextBase.lambda$executeBlocking$1(ContextBase.java:135)
	at io.quarkus.vertx.core.runtime.VertxCoreRecorder$14.runWith(VertxCoreRecorder.java:581)
	at org.jboss.threads.EnhancedQueueExecutor$Task.run(EnhancedQueueExecutor.java:2449)
	at org.jboss.threads.EnhancedQueueExecutor$ThreadBody.run(EnhancedQueueExecutor.java:1478)
	at org.jboss.threads.DelegatingRunnable.run(DelegatingRunnable.java:29)
	at org.jboss.threads.ThreadLocalResettingRunnable.run(ThreadLocalResettingRunnable.java:29)
	at io.netty.util.concurrent.FastThreadLocalRunnable.run(FastThreadLocalRunnable.java:30)
	at java.base/java.lang.Thread.run(Thread.java:1623)
Caused by: java.lang.RuntimeException: Error injecting org.eclipse.microprofile.reactive.messaging.Emitter<de.berlin.htw.boundary.dto.Tweet> de.berlin.htw.boundary.TwitterProducer.producer
	at de.berlin.htw.boundary.TwitterProducer_Bean.create(Unknown Source)
	at de.berlin.htw.boundary.TwitterProducer_Bean.create(Unknown Source)
	at io.quarkus.arc.impl.AbstractSharedContext.createInstanceHandle(AbstractSharedContext.java:113)
	at io.quarkus.arc.impl.AbstractSharedContext$1.get(AbstractSharedContext.java:37)
	at io.quarkus.arc.impl.AbstractSharedContext$1.get(AbstractSharedContext.java:34)
	at io.quarkus.arc.impl.LazyValue.get(LazyValue.java:26)
	at io.quarkus.arc.impl.ComputingCache.computeIfAbsent(ComputingCache.java:69)
	at io.quarkus.arc.impl.AbstractSharedContext.get(AbstractSharedContext.java:34)
	at io.quarkus.arc.impl.ClientProxies.getApplicationScopedDelegate(ClientProxies.java:21)
	at de.berlin.htw.boundary.TwitterProducer_ClientProxy.arc$delegate(Unknown Source)
	at de.berlin.htw.boundary.TwitterProducer_ClientProxy.produce(Unknown Source)
	at de.berlin.htw.control.TweetController.produceTweet(TweetController.java:31)
	at de.berlin.htw.control.TweetController_ScheduledInvoker_produceTweet_a8fc2d958b3beb8fcdda68ccaeb4330f1fede201.invokeBean(Unknown Source)
	... 15 more
Caused by: javax.enterprise.inject.spi.DefinitionException: SRMSG00019: Unable to connect an emitter with the channel `twitter-producer`
	at io.smallrye.reactive.messaging.providers.extension.ChannelProducer.getEmitter(ChannelProducer.java:188)
	at io.smallrye.reactive.messaging.providers.extension.ChannelProducer.produceEmitter(ChannelProducer.java:137)
	at io.smallrye.reactive.messaging.providers.extension.ChannelProducer_ProducerMethod_produceEmitter_86c8bb1e4975aaf33dff96bec0d2fc8fa44920ab_Bean.create(Unknown Source)
	at io.smallrye.reactive.messaging.providers.extension.ChannelProducer_ProducerMethod_produceEmitter_86c8bb1e4975aaf33dff96bec0d2fc8fa44920ab_Bean.get(Unknown Source)
	at io.smallrye.reactive.messaging.providers.extension.ChannelProducer_ProducerMethod_produceEmitter_86c8bb1e4975aaf33dff96bec0d2fc8fa44920ab_Bean.get(Unknown Source)
	at io.quarkus.arc.impl.CurrentInjectionPointProvider.get(CurrentInjectionPointProvider.java:62)
	... 28 more

2023-07-11 12:06:43,212 INFO  [io.sma.rea.mes.kafka] (main) SRMSG18229: Configured topics for channel 'twitter-consumer': [twitter]
2023-07-11 12:06:43,319 INFO  [io.sma.rea.mes.kafka] (smallrye-kafka-producer-thread-0) SRMSG18258: Kafka producer kafka-producer-twitter-producer, connected to Kafka brokers 'localhost:9092', is configured to write records to 'twitter'
2023-07-11 12:06:43,361 INFO  [io.sma.rea.mes.kafka] (smallrye-kafka-producer-thread-1) SRMSG18258: Kafka producer kafka-producer-fibonacci-producer, connected to Kafka brokers 'localhost:9092', is configured to write records to 'fibonacci'
2023-07-11 12:06:43,533 INFO  [io.sma.rea.mes.kafka] (smallrye-kafka-consumer-thread-0) SRMSG18257: Kafka consumer kafka-consumer-fibonacci-consumer, connected to Kafka brokers 'localhost:9092', belongs to the 'verteilte-anwendungen-kafka' consumer group and is configured to poll records from [fibonacci]
2023-07-11 12:06:43,534 INFO  [io.sma.rea.mes.kafka] (smallrye-kafka-consumer-thread-1) SRMSG18257: Kafka consumer kafka-consumer-twitter-consumer, connected to Kafka brokers 'localhost:9092', belongs to the 'verteilte-anwendungen-kafka' consumer group and is configured to poll records from [twitter]
2023-07-11 12:06:43,937 INFO  [io.quarkus] (main) verteilte-anwendungen-kafka 1.0.0-SNAPSHOT on JVM (powered by Quarkus 2.16.6.Final) started in 8.436s. Listening on: http://localhost:8081
2023-07-11 12:06:43,938 INFO  [io.quarkus] (main) Profile test activated. 
2023-07-11 12:06:43,938 INFO  [io.quarkus] (main) Installed features: [cdi, kafka-client, resteasy, resteasy-jsonb, scheduler, smallrye-context-propagation, smallrye-reactive-messaging, smallrye-reactive-messaging-kafka, vertx]
Request method:	GET
Request URI:	http://localhost:8081/fibonacci
Proxy:			<none>
Request params:	<none>
Query params:	<none>
Form params:	<none>
Path params:	<none>
Headers:		Accept=*/*
				Content-Type=application/json
Cookies:		<none>
Multiparts:		<none>
Body:
{
    "current": 2,
    "last": 1
}
2023-07-11 12:06:47,529 INFO  [de.ber.htw.con.FibonacciController] (executor-thread-0) when fn-1=1, fn=2 then fn+1=3
2023-07-11 12:06:49,543 INFO  [de.ber.htw.con.FibonacciController] (executor-thread-0) when fn-1=2, fn=3 then fn+1=5
2023-07-11 12:06:51,544 INFO  [de.ber.htw.con.FibonacciController] (executor-thread-0) when fn-1=3, fn=5 then fn+1=8
2023-07-11 12:06:53,049 INFO  [de.ber.htw.bou.TwitterProducer] (executor-thread-1) Tweet sent: "Marcel Trung Hieu arbeitet in Caribbean Netherlands"; from test
2023-07-11 12:06:53,550 INFO  [de.ber.htw.con.FibonacciController] (executor-thread-0) when fn-1=5, fn=8 then fn+1=13
2023-07-11 12:06:54,230 INFO  [io.sma.rea.mes.kafka] (vert.x-eventloop-thread-3) SRMSG18256: Initialize record store for topic-partition 'twitter-0' at position -1.
2023-07-11 12:06:54,241 INFO  [de.ber.htw.bou.TwitterConsumer] (vert.x-eventloop-thread-3) Tweet put into queue: "Marcel Trung Hieu arbeitet in Caribbean Netherlands"; from test
2023-07-11 12:06:55,555 INFO  [de.ber.htw.con.FibonacciController] (executor-thread-0) when fn-1=8, fn=13 then fn+1=21
2023-07-11 12:06:57,568 INFO  [de.ber.htw.con.FibonacciController] (executor-thread-0) when fn-1=13, fn=21 then fn+1=34
2023-07-11 12:06:59,584 INFO  [de.ber.htw.con.FibonacciController] (executor-thread-0) when fn-1=21, fn=34 then fn+1=55
2023-07-11 12:07:01,594 INFO  [de.ber.htw.con.FibonacciController] (executor-thread-0) when fn-1=34, fn=55 then fn+1=89
2023-07-11 12:07:03,002 INFO  [de.ber.htw.bou.TwitterProducer] (executor-thread-1) Tweet sent: "Sinem wandert nach Honduras"; from test
2023-07-11 12:07:03,030 INFO  [de.ber.htw.bou.TwitterConsumer] (vert.x-eventloop-thread-3) Tweet put into queue: "Sinem wandert nach Honduras"; from test
HTTP/1.1 200 OK
Content-Type: application/json
content-length: 26

[
    1,
    2,
    3,
    5,
    8,
    13,
    21,
    34,
    55,
    89
]
]]></system-out>
  </testcase>
</testsuite>